<?xml version="1.0" encoding="UTF-8"?>
<!-- Generated by org.testng.reporters.JUnitReportReporter -->
<testsuite skipped="0" hostname="DESKTOP-8P78G2L" name="com.w2a.testcases.LoginTest" tests="1" failures="0" timestamp="23 Apr 2019 17:30:45 GMT" time="3.042" errors="0">
  <testcase name="loginTest" time="3.042" classname="com.w2a.testcases.LoginTest"/>
</testsuite> <!-- com.w2a.testcases.LoginTest -->
